<?xml version="1.0" encoding="utf-8"?><testsuites name="pytest tests"><testsuite name="pytest" errors="0" failures="0" skipped="0" tests="8" time="4.633" timestamp="2026-08-17T05:55:58.645804+00:00" hostname="agent-env-59077e31-e837-4b6b-b8c6-028a5a0ae7c4"><testcase classname="backend.tests.test_flashdrop_e2ee_pings" name="test_encrypted_flag_true" time="0.405" /><testcase classname="backend.tests.test_flashdrop_e2ee_pings" name="test_encrypted_flag_default_false" time="0.159" /><testcase classname="backend.tests.test_flashdrop_e2ee_pings" name="test_encrypted_flag_explicit_false" time="0.106" /><testcase classname="backend.tests.test_flashdrop_e2ee_pings" name="test_pings_unknown_pin_returns_404" time="0.049" /><testcase classname="backend.tests.test_flashdrop_e2ee_pings" name="test_pings_invalid_pin_400" time="0.137" /><testcase classname="backend.tests.test_flashdrop_e2ee_pings" name="test_pings_ready_and_download_event" time="1.721" /><testcase classname="backend.tests.test_flashdrop_e2ee_pings" name="test_pings_zip_kind_for_multi" time="1.655" /><testcase classname="backend.tests.test_flashdrop_e2ee_pings" name="test_invalid_file_id_does_not_consume_slot" time="0.201" /></testsuite></testsuites>