<?xml version="1.0" encoding="utf-8"?><testsuites name="pytest tests"><testsuite name="pytest" errors="0" failures="0" skipped="0" tests="9" time="3.324" timestamp="2026-05-01T12:23:05.192608+00:00" hostname="agent-env-59077e31-e837-4b6b-b8c6-028a5a0ae7c4"><testcase classname="backend.tests.test_flashdrop" name="test_health" time="0.194" /><testcase classname="backend.tests.test_flashdrop" name="test_upload_valid" time="0.126" /><testcase classname="backend.tests.test_flashdrop" name="test_upload_invalid_expiry" time="0.140" /><testcase classname="backend.tests.test_flashdrop" name="test_upload_invalid_max_downloads" time="0.108" /><testcase classname="backend.tests.test_flashdrop" name="test_upload_endpoint_exists_for_size_limit" time="0.055" /><testcase classname="backend.tests.test_flashdrop" name="test_file_info_valid_and_invalid_pin" time="0.409" /><testcase classname="backend.tests.test_flashdrop" name="test_download_and_autocleanup" time="1.725" /><testcase classname="backend.tests.test_flashdrop" name="test_download_increments_count" time="0.217" /><testcase classname="backend.tests.test_flashdrop" name="test_delete_file" time="0.236" /></testsuite></testsuites>