<?xml version="1.0" encoding="utf-8"?><testsuites name="pytest tests"><testsuite name="pytest" errors="0" failures="0" skipped="0" tests="13" time="3.832" timestamp="2026-06-19T19:00:30.704716+00:00" hostname="agent-env-59077e31-e837-4b6b-b8c6-028a5a0ae7c4"><testcase classname="backend.tests.test_flashdrop" name="test_health" time="0.292" /><testcase classname="backend.tests.test_flashdrop" name="test_upload_multi_file" time="0.093" /><testcase classname="backend.tests.test_flashdrop" name="test_upload_single_file_still_works" time="0.099" /><testcase classname="backend.tests.test_flashdrop" name="test_upload_rejects_too_many_files" time="0.045" /><testcase classname="backend.tests.test_flashdrop" name="test_upload_invalid_expiry" time="0.121" /><testcase classname="backend.tests.test_flashdrop" name="test_upload_invalid_max_downloads" time="0.162" /><testcase classname="backend.tests.test_flashdrop" name="test_upload_no_files" time="0.043" /><testcase classname="backend.tests.test_flashdrop" name="test_file_info_multi" time="0.416" /><testcase classname="backend.tests.test_flashdrop" name="test_download_zip_for_multi" time="0.183" /><testcase classname="backend.tests.test_flashdrop" name="test_download_single_streams_direct" time="0.172" /><testcase classname="backend.tests.test_flashdrop" name="test_download_individual_file" time="0.310" /><testcase classname="backend.tests.test_flashdrop" name="test_autocleanup_after_max" time="1.627" /><testcase classname="backend.tests.test_flashdrop" name="test_delete_bundle" time="0.209" /></testsuite></testsuites>